<?xml version="1.0" encoding="UTF-8"?>
<testng-results ignored="0" total="1" passed="1" failed="0" skipped="0">
  <reporter-output>
  </reporter-output>
  <suite started-at="2023-01-26T16:52:21 IST" name="Default suite" finished-at="2023-01-26T16:52:38 IST" duration-ms="17233">
    <groups>
    </groups>
    <test started-at="2023-01-26T16:52:21 IST" name="Default test" finished-at="2023-01-26T16:52:38 IST" duration-ms="17233">
      <class name="com.galen.framework.GalenFirstTest">
        <test-method is-config="true" signature="init()[pri:0, instance:com.galen.framework.GalenFirstTest@16610890]" started-at="2023-01-26T16:52:21 IST" name="init" finished-at="2023-01-26T16:52:35 IST" duration-ms="14243" status="PASS">
          <reporter-output>
          </reporter-output>
        </test-method> <!-- init -->
        <test-method signature="checkLogoVisibleAndImageVerification()[pri:0, instance:com.galen.framework.GalenFirstTest@16610890]" started-at="2023-01-26T16:52:35 IST" name="checkLogoVisibleAndImageVerification" finished-at="2023-01-26T16:52:38 IST" duration-ms="2628" status="PASS">
          <reporter-output>
          </reporter-output>
        </test-method> <!-- checkLogoVisibleAndImageVerification -->
        <test-method is-config="true" signature="reportUpdate()[pri:0, instance:com.galen.framework.GalenFirstTest@16610890]" started-at="2023-01-26T16:52:38 IST" name="reportUpdate" finished-at="2023-01-26T16:52:38 IST" duration-ms="207" status="PASS">
          <reporter-output>
          </reporter-output>
        </test-method> <!-- reportUpdate -->
        <test-method is-config="true" signature="tearDown()[pri:0, instance:com.galen.framework.GalenFirstTest@16610890]" started-at="2023-01-26T16:52:38 IST" name="tearDown" finished-at="2023-01-26T16:52:38 IST" duration-ms="108" status="PASS">
          <reporter-output>
          </reporter-output>
        </test-method> <!-- tearDown -->
      </class> <!-- com.galen.framework.GalenFirstTest -->
    </test> <!-- Default test -->
  </suite> <!-- Default suite -->
</testng-results>
